ERROR 2024-07-07 08:25:08.087 - [main] CliLauncher Failed validation of library originals
com.chromia.build.tools.compile.ValidationException: Failed validation of library originals
	at com.chromia.build.tools.lib.LibraryVerifyer.verifyLibs(LibraryVerifyer.kt:16) ~[chromia-build-tools-0.20.2.jar:0.20.2]
	at com.chromia.api.impl.CompileKt.compileGtv(compile.kt:22) ~[chromia-build-tools-0.20.2.jar:0.20.2]
	at com.chromia.api.ChromiaCompileApi.build(api.kt:21) ~[chromia-build-tools-0.20.2.jar:0.20.2]
	at com.chromia.cli.command.node.AbstractNodeCommand.extractConfigs(AbstractNodeCommand.kt:58) ~[chromia-cli-0.20.2.jar:0.20.2]
	at com.chromia.cli.command.node.StartCommand.startPostchainNode$lambda$6(StartCommand.kt:48) ~[chromia-cli-0.20.2.jar:0.20.2]
	at net.postchain.rell.base.utils.ThreadLocalContext.set(utils.kt:231) ~[rell-base-0.13.13.jar:0.13.13]
	at net.postchain.rell.module.RellPostchainModuleEnvironment$Companion.set(postchain.kt:396) ~[rell-gtx-0.13.13.jar:0.13.13]
	at com.chromia.cli.command.node.StartCommand.startPostchainNode(StartCommand.kt:44) ~[chromia-cli-0.20.2.jar:0.20.2]
	at com.chromia.cli.command.node.StartCommand.run(StartCommand.kt:36) ~[chromia-cli-0.20.2.jar:0.20.2]
	at com.github.ajalt.clikt.parsers.Parser.parse(Parser.kt:306) ~[clikt-jvm-4.2.0.jar:?]
	at com.github.ajalt.clikt.parsers.Parser.parse(Parser.kt:319) ~[clikt-jvm-4.2.0.jar:?]
	at com.github.ajalt.clikt.parsers.Parser.parse(Parser.kt:319) ~[clikt-jvm-4.2.0.jar:?]
	at com.github.ajalt.clikt.parsers.Parser.parse(Parser.kt:40) ~[clikt-jvm-4.2.0.jar:?]
	at com.github.ajalt.clikt.core.CliktCommand.parse(CliktCommand.kt:458) ~[clikt-jvm-4.2.0.jar:?]
	at com.github.ajalt.clikt.core.CliktCommand.parse$default(CliktCommand.kt:455) ~[clikt-jvm-4.2.0.jar:?]
	at com.github.ajalt.clikt.core.CliktCommand.main(CliktCommand.kt:475) ~[clikt-jvm-4.2.0.jar:?]
	at com.chromia.cli.tools.launcher.CliLauncher.catchingAllExceptionsMain(CliLauncher.kt:69) [chromia-cli-tools-0.20.2.jar:0.20.2]
	at com.chromia.MainKt.main(main.kt:44) [chromia-cli-0.20.2.jar:0.20.2]
ERROR 2024-07-07 08:28:45.487 - [main] CliLauncher Failed validation of library originals
com.chromia.build.tools.compile.ValidationException: Failed validation of library originals
	at com.chromia.build.tools.lib.LibraryVerifyer.verifyLibs(LibraryVerifyer.kt:16) ~[chromia-build-tools-0.20.2.jar:0.20.2]
	at com.chromia.api.impl.CompileKt.compileGtv(compile.kt:22) ~[chromia-build-tools-0.20.2.jar:0.20.2]
	at com.chromia.api.ChromiaCompileApi.build(api.kt:21) ~[chromia-build-tools-0.20.2.jar:0.20.2]
	at com.chromia.cli.command.node.AbstractNodeCommand.extractConfigs(AbstractNodeCommand.kt:58) ~[chromia-cli-0.20.2.jar:0.20.2]
	at com.chromia.cli.command.node.StartCommand.startPostchainNode$lambda$6(StartCommand.kt:48) ~[chromia-cli-0.20.2.jar:0.20.2]
	at net.postchain.rell.base.utils.ThreadLocalContext.set(utils.kt:231) ~[rell-base-0.13.13.jar:0.13.13]
	at net.postchain.rell.module.RellPostchainModuleEnvironment$Companion.set(postchain.kt:396) ~[rell-gtx-0.13.13.jar:0.13.13]
	at com.chromia.cli.command.node.StartCommand.startPostchainNode(StartCommand.kt:44) ~[chromia-cli-0.20.2.jar:0.20.2]
	at com.chromia.cli.command.node.StartCommand.run(StartCommand.kt:36) ~[chromia-cli-0.20.2.jar:0.20.2]
	at com.github.ajalt.clikt.parsers.Parser.parse(Parser.kt:306) ~[clikt-jvm-4.2.0.jar:?]
	at com.github.ajalt.clikt.parsers.Parser.parse(Parser.kt:319) ~[clikt-jvm-4.2.0.jar:?]
	at com.github.ajalt.clikt.parsers.Parser.parse(Parser.kt:319) ~[clikt-jvm-4.2.0.jar:?]
	at com.github.ajalt.clikt.parsers.Parser.parse(Parser.kt:40) ~[clikt-jvm-4.2.0.jar:?]
	at com.github.ajalt.clikt.core.CliktCommand.parse(CliktCommand.kt:458) ~[clikt-jvm-4.2.0.jar:?]
	at com.github.ajalt.clikt.core.CliktCommand.parse$default(CliktCommand.kt:455) ~[clikt-jvm-4.2.0.jar:?]
	at com.github.ajalt.clikt.core.CliktCommand.main(CliktCommand.kt:475) ~[clikt-jvm-4.2.0.jar:?]
	at com.chromia.cli.tools.launcher.CliLauncher.catchingAllExceptionsMain(CliLauncher.kt:69) [chromia-cli-tools-0.20.2.jar:0.20.2]
	at com.chromia.MainKt.main(main.kt:44) [chromia-cli-0.20.2.jar:0.20.2]
ERROR 2024-07-07 08:32:14.983 - [main] CliLauncher Failed validation of library originals
com.chromia.build.tools.compile.ValidationException: Failed validation of library originals
	at com.chromia.build.tools.lib.LibraryVerifyer.verifyLibs(LibraryVerifyer.kt:16) ~[chromia-build-tools-0.20.2.jar:0.20.2]
	at com.chromia.api.impl.CompileKt.compileGtv(compile.kt:22) ~[chromia-build-tools-0.20.2.jar:0.20.2]
	at com.chromia.api.ChromiaCompileApi.build(api.kt:21) ~[chromia-build-tools-0.20.2.jar:0.20.2]
	at com.chromia.cli.command.node.AbstractNodeCommand.extractConfigs(AbstractNodeCommand.kt:58) ~[chromia-cli-0.20.2.jar:0.20.2]
	at com.chromia.cli.command.node.StartCommand.startPostchainNode$lambda$6(StartCommand.kt:48) ~[chromia-cli-0.20.2.jar:0.20.2]
	at net.postchain.rell.base.utils.ThreadLocalContext.set(utils.kt:231) ~[rell-base-0.13.13.jar:0.13.13]
	at net.postchain.rell.module.RellPostchainModuleEnvironment$Companion.set(postchain.kt:396) ~[rell-gtx-0.13.13.jar:0.13.13]
	at com.chromia.cli.command.node.StartCommand.startPostchainNode(StartCommand.kt:44) ~[chromia-cli-0.20.2.jar:0.20.2]
	at com.chromia.cli.command.node.StartCommand.run(StartCommand.kt:36) ~[chromia-cli-0.20.2.jar:0.20.2]
	at com.github.ajalt.clikt.parsers.Parser.parse(Parser.kt:306) ~[clikt-jvm-4.2.0.jar:?]
	at com.github.ajalt.clikt.parsers.Parser.parse(Parser.kt:319) ~[clikt-jvm-4.2.0.jar:?]
	at com.github.ajalt.clikt.parsers.Parser.parse(Parser.kt:319) ~[clikt-jvm-4.2.0.jar:?]
	at com.github.ajalt.clikt.parsers.Parser.parse(Parser.kt:40) ~[clikt-jvm-4.2.0.jar:?]
	at com.github.ajalt.clikt.core.CliktCommand.parse(CliktCommand.kt:458) ~[clikt-jvm-4.2.0.jar:?]
	at com.github.ajalt.clikt.core.CliktCommand.parse$default(CliktCommand.kt:455) ~[clikt-jvm-4.2.0.jar:?]
	at com.github.ajalt.clikt.core.CliktCommand.main(CliktCommand.kt:475) ~[clikt-jvm-4.2.0.jar:?]
	at com.chromia.cli.tools.launcher.CliLauncher.catchingAllExceptionsMain(CliLauncher.kt:69) [chromia-cli-tools-0.20.2.jar:0.20.2]
	at com.chromia.MainKt.main(main.kt:44) [chromia-cli-0.20.2.jar:0.20.2]
ERROR 2024-07-07 08:34:05.126 - [main] CliLauncher Failed validation of library originals
com.chromia.build.tools.compile.ValidationException: Failed validation of library originals
	at com.chromia.build.tools.lib.LibraryVerifyer.verifyLibs(LibraryVerifyer.kt:16) ~[chromia-build-tools-0.20.2.jar:0.20.2]
	at com.chromia.api.impl.CompileKt.compileGtv(compile.kt:22) ~[chromia-build-tools-0.20.2.jar:0.20.2]
	at com.chromia.api.ChromiaCompileApi.build(api.kt:21) ~[chromia-build-tools-0.20.2.jar:0.20.2]
	at com.chromia.cli.command.node.AbstractNodeCommand.extractConfigs(AbstractNodeCommand.kt:58) ~[chromia-cli-0.20.2.jar:0.20.2]
	at com.chromia.cli.command.node.StartCommand.startPostchainNode$lambda$6(StartCommand.kt:48) ~[chromia-cli-0.20.2.jar:0.20.2]
	at net.postchain.rell.base.utils.ThreadLocalContext.set(utils.kt:231) ~[rell-base-0.13.13.jar:0.13.13]
	at net.postchain.rell.module.RellPostchainModuleEnvironment$Companion.set(postchain.kt:396) ~[rell-gtx-0.13.13.jar:0.13.13]
	at com.chromia.cli.command.node.StartCommand.startPostchainNode(StartCommand.kt:44) ~[chromia-cli-0.20.2.jar:0.20.2]
	at com.chromia.cli.command.node.StartCommand.run(StartCommand.kt:36) ~[chromia-cli-0.20.2.jar:0.20.2]
	at com.github.ajalt.clikt.parsers.Parser.parse(Parser.kt:306) ~[clikt-jvm-4.2.0.jar:?]
	at com.github.ajalt.clikt.parsers.Parser.parse(Parser.kt:319) ~[clikt-jvm-4.2.0.jar:?]
	at com.github.ajalt.clikt.parsers.Parser.parse(Parser.kt:319) ~[clikt-jvm-4.2.0.jar:?]
	at com.github.ajalt.clikt.parsers.Parser.parse(Parser.kt:40) ~[clikt-jvm-4.2.0.jar:?]
	at com.github.ajalt.clikt.core.CliktCommand.parse(CliktCommand.kt:458) ~[clikt-jvm-4.2.0.jar:?]
	at com.github.ajalt.clikt.core.CliktCommand.parse$default(CliktCommand.kt:455) ~[clikt-jvm-4.2.0.jar:?]
	at com.github.ajalt.clikt.core.CliktCommand.main(CliktCommand.kt:475) ~[clikt-jvm-4.2.0.jar:?]
	at com.chromia.cli.tools.launcher.CliLauncher.catchingAllExceptionsMain(CliLauncher.kt:69) [chromia-cli-tools-0.20.2.jar:0.20.2]
	at com.chromia.MainKt.main(main.kt:44) [chromia-cli-0.20.2.jar:0.20.2]
ERROR 2024-07-07 08:38:35.649 - [main] CliLauncher Failed validation of library originals
com.chromia.build.tools.compile.ValidationException: Failed validation of library originals
	at com.chromia.build.tools.lib.LibraryVerifyer.verifyLibs(LibraryVerifyer.kt:16) ~[chromia-build-tools-0.20.2.jar:0.20.2]
	at com.chromia.api.impl.CompileKt.compileGtv(compile.kt:22) ~[chromia-build-tools-0.20.2.jar:0.20.2]
	at com.chromia.api.ChromiaCompileApi.build(api.kt:21) ~[chromia-build-tools-0.20.2.jar:0.20.2]
	at com.chromia.cli.command.node.AbstractNodeCommand.extractConfigs(AbstractNodeCommand.kt:58) ~[chromia-cli-0.20.2.jar:0.20.2]
	at com.chromia.cli.command.node.StartCommand.startPostchainNode$lambda$6(StartCommand.kt:48) ~[chromia-cli-0.20.2.jar:0.20.2]
	at net.postchain.rell.base.utils.ThreadLocalContext.set(utils.kt:231) ~[rell-base-0.13.13.jar:0.13.13]
	at net.postchain.rell.module.RellPostchainModuleEnvironment$Companion.set(postchain.kt:396) ~[rell-gtx-0.13.13.jar:0.13.13]
	at com.chromia.cli.command.node.StartCommand.startPostchainNode(StartCommand.kt:44) ~[chromia-cli-0.20.2.jar:0.20.2]
	at com.chromia.cli.command.node.StartCommand.run(StartCommand.kt:36) ~[chromia-cli-0.20.2.jar:0.20.2]
	at com.github.ajalt.clikt.parsers.Parser.parse(Parser.kt:306) ~[clikt-jvm-4.2.0.jar:?]
	at com.github.ajalt.clikt.parsers.Parser.parse(Parser.kt:319) ~[clikt-jvm-4.2.0.jar:?]
	at com.github.ajalt.clikt.parsers.Parser.parse(Parser.kt:319) ~[clikt-jvm-4.2.0.jar:?]
	at com.github.ajalt.clikt.parsers.Parser.parse(Parser.kt:40) ~[clikt-jvm-4.2.0.jar:?]
	at com.github.ajalt.clikt.core.CliktCommand.parse(CliktCommand.kt:458) ~[clikt-jvm-4.2.0.jar:?]
	at com.github.ajalt.clikt.core.CliktCommand.parse$default(CliktCommand.kt:455) ~[clikt-jvm-4.2.0.jar:?]
	at com.github.ajalt.clikt.core.CliktCommand.main(CliktCommand.kt:475) ~[clikt-jvm-4.2.0.jar:?]
	at com.chromia.cli.tools.launcher.CliLauncher.catchingAllExceptionsMain(CliLauncher.kt:69) [chromia-cli-tools-0.20.2.jar:0.20.2]
	at com.chromia.MainKt.main(main.kt:44) [chromia-cli-0.20.2.jar:0.20.2]
ERROR 2024-07-07 08:56:20.620 - [main] CliLauncher Failed validation of library originals
com.chromia.build.tools.compile.ValidationException: Failed validation of library originals
	at com.chromia.build.tools.lib.LibraryVerifyer.verifyLibs(LibraryVerifyer.kt:16) ~[chromia-build-tools-0.20.2.jar:0.20.2]
	at com.chromia.api.impl.CompileKt.compileGtv(compile.kt:22) ~[chromia-build-tools-0.20.2.jar:0.20.2]
	at com.chromia.api.ChromiaCompileApi.build(api.kt:21) ~[chromia-build-tools-0.20.2.jar:0.20.2]
	at com.chromia.cli.command.node.AbstractNodeCommand.extractConfigs(AbstractNodeCommand.kt:58) ~[chromia-cli-0.20.2.jar:0.20.2]
	at com.chromia.cli.command.node.StartCommand.startPostchainNode$lambda$6(StartCommand.kt:48) ~[chromia-cli-0.20.2.jar:0.20.2]
	at net.postchain.rell.base.utils.ThreadLocalContext.set(utils.kt:231) ~[rell-base-0.13.13.jar:0.13.13]
	at net.postchain.rell.module.RellPostchainModuleEnvironment$Companion.set(postchain.kt:396) ~[rell-gtx-0.13.13.jar:0.13.13]
	at com.chromia.cli.command.node.StartCommand.startPostchainNode(StartCommand.kt:44) ~[chromia-cli-0.20.2.jar:0.20.2]
	at com.chromia.cli.command.node.StartCommand.run(StartCommand.kt:36) ~[chromia-cli-0.20.2.jar:0.20.2]
	at com.github.ajalt.clikt.parsers.Parser.parse(Parser.kt:306) ~[clikt-jvm-4.2.0.jar:?]
	at com.github.ajalt.clikt.parsers.Parser.parse(Parser.kt:319) ~[clikt-jvm-4.2.0.jar:?]
	at com.github.ajalt.clikt.parsers.Parser.parse(Parser.kt:319) ~[clikt-jvm-4.2.0.jar:?]
	at com.github.ajalt.clikt.parsers.Parser.parse(Parser.kt:40) ~[clikt-jvm-4.2.0.jar:?]
	at com.github.ajalt.clikt.core.CliktCommand.parse(CliktCommand.kt:458) ~[clikt-jvm-4.2.0.jar:?]
	at com.github.ajalt.clikt.core.CliktCommand.parse$default(CliktCommand.kt:455) ~[clikt-jvm-4.2.0.jar:?]
	at com.github.ajalt.clikt.core.CliktCommand.main(CliktCommand.kt:475) ~[clikt-jvm-4.2.0.jar:?]
	at com.chromia.cli.tools.launcher.CliLauncher.catchingAllExceptionsMain(CliLauncher.kt:69) [chromia-cli-tools-0.20.2.jar:0.20.2]
	at com.chromia.MainKt.main(main.kt:44) [chromia-cli-0.20.2.jar:0.20.2]
ERROR 2024-07-07 09:31:09.465 - [main] CliLauncher Failed validation of library originals
com.chromia.build.tools.compile.ValidationException: Failed validation of library originals
	at com.chromia.build.tools.lib.LibraryVerifyer.verifyLibs(LibraryVerifyer.kt:16) ~[chromia-build-tools-0.20.2.jar:0.20.2]
	at com.chromia.api.impl.CompileKt.compileGtv(compile.kt:22) ~[chromia-build-tools-0.20.2.jar:0.20.2]
	at com.chromia.api.ChromiaCompileApi.build(api.kt:21) ~[chromia-build-tools-0.20.2.jar:0.20.2]
	at com.chromia.cli.command.node.AbstractNodeCommand.extractConfigs(AbstractNodeCommand.kt:58) ~[chromia-cli-0.20.2.jar:0.20.2]
	at com.chromia.cli.command.node.StartCommand.startPostchainNode$lambda$6(StartCommand.kt:48) ~[chromia-cli-0.20.2.jar:0.20.2]
	at net.postchain.rell.base.utils.ThreadLocalContext.set(utils.kt:231) ~[rell-base-0.13.13.jar:0.13.13]
	at net.postchain.rell.module.RellPostchainModuleEnvironment$Companion.set(postchain.kt:396) ~[rell-gtx-0.13.13.jar:0.13.13]
	at com.chromia.cli.command.node.StartCommand.startPostchainNode(StartCommand.kt:44) ~[chromia-cli-0.20.2.jar:0.20.2]
	at com.chromia.cli.command.node.StartCommand.run(StartCommand.kt:36) ~[chromia-cli-0.20.2.jar:0.20.2]
	at com.github.ajalt.clikt.parsers.Parser.parse(Parser.kt:306) ~[clikt-jvm-4.2.0.jar:?]
	at com.github.ajalt.clikt.parsers.Parser.parse(Parser.kt:319) ~[clikt-jvm-4.2.0.jar:?]
	at com.github.ajalt.clikt.parsers.Parser.parse(Parser.kt:319) ~[clikt-jvm-4.2.0.jar:?]
	at com.github.ajalt.clikt.parsers.Parser.parse(Parser.kt:40) ~[clikt-jvm-4.2.0.jar:?]
	at com.github.ajalt.clikt.core.CliktCommand.parse(CliktCommand.kt:458) ~[clikt-jvm-4.2.0.jar:?]
	at com.github.ajalt.clikt.core.CliktCommand.parse$default(CliktCommand.kt:455) ~[clikt-jvm-4.2.0.jar:?]
	at com.github.ajalt.clikt.core.CliktCommand.main(CliktCommand.kt:475) ~[clikt-jvm-4.2.0.jar:?]
	at com.chromia.cli.tools.launcher.CliLauncher.catchingAllExceptionsMain(CliLauncher.kt:69) [chromia-cli-tools-0.20.2.jar:0.20.2]
	at com.chromia.MainKt.main(main.kt:44) [chromia-cli-0.20.2.jar:0.20.2]
ERROR 2024-07-07 17:35:02.324 - [main] CliLauncher Failed validation of library originals
com.chromia.build.tools.compile.ValidationException: Failed validation of library originals
	at com.chromia.build.tools.lib.LibraryVerifyer.verifyLibs(LibraryVerifyer.kt:16) ~[chromia-build-tools-0.20.2.jar:0.20.2]
	at com.chromia.api.impl.CompileKt.compileGtv(compile.kt:22) ~[chromia-build-tools-0.20.2.jar:0.20.2]
	at com.chromia.api.ChromiaCompileApi.build(api.kt:21) ~[chromia-build-tools-0.20.2.jar:0.20.2]
	at com.chromia.cli.command.node.AbstractNodeCommand.extractConfigs(AbstractNodeCommand.kt:58) ~[chromia-cli-0.20.2.jar:0.20.2]
	at com.chromia.cli.command.node.StartCommand.startPostchainNode$lambda$6(StartCommand.kt:48) ~[chromia-cli-0.20.2.jar:0.20.2]
	at net.postchain.rell.base.utils.ThreadLocalContext.set(utils.kt:231) ~[rell-base-0.13.13.jar:0.13.13]
	at net.postchain.rell.module.RellPostchainModuleEnvironment$Companion.set(postchain.kt:396) ~[rell-gtx-0.13.13.jar:0.13.13]
	at com.chromia.cli.command.node.StartCommand.startPostchainNode(StartCommand.kt:44) ~[chromia-cli-0.20.2.jar:0.20.2]
	at com.chromia.cli.command.node.StartCommand.run(StartCommand.kt:36) ~[chromia-cli-0.20.2.jar:0.20.2]
	at com.github.ajalt.clikt.parsers.Parser.parse(Parser.kt:306) ~[clikt-jvm-4.2.0.jar:?]
	at com.github.ajalt.clikt.parsers.Parser.parse(Parser.kt:319) ~[clikt-jvm-4.2.0.jar:?]
	at com.github.ajalt.clikt.parsers.Parser.parse(Parser.kt:319) ~[clikt-jvm-4.2.0.jar:?]
	at com.github.ajalt.clikt.parsers.Parser.parse(Parser.kt:40) ~[clikt-jvm-4.2.0.jar:?]
	at com.github.ajalt.clikt.core.CliktCommand.parse(CliktCommand.kt:458) ~[clikt-jvm-4.2.0.jar:?]
	at com.github.ajalt.clikt.core.CliktCommand.parse$default(CliktCommand.kt:455) ~[clikt-jvm-4.2.0.jar:?]
	at com.github.ajalt.clikt.core.CliktCommand.main(CliktCommand.kt:475) ~[clikt-jvm-4.2.0.jar:?]
	at com.chromia.cli.tools.launcher.CliLauncher.catchingAllExceptionsMain(CliLauncher.kt:69) [chromia-cli-tools-0.20.2.jar:0.20.2]
	at com.chromia.MainKt.main(main.kt:44) [chromia-cli-0.20.2.jar:0.20.2]
ERROR 2024-07-07 17:40:15.620 - [main] CliLauncher Failed validation of library originals
com.chromia.build.tools.compile.ValidationException: Failed validation of library originals
	at com.chromia.build.tools.lib.LibraryVerifyer.verifyLibs(LibraryVerifyer.kt:16) ~[chromia-build-tools-0.20.2.jar:0.20.2]
	at com.chromia.api.impl.CompileKt.compileGtv(compile.kt:22) ~[chromia-build-tools-0.20.2.jar:0.20.2]
	at com.chromia.api.ChromiaCompileApi.build(api.kt:21) ~[chromia-build-tools-0.20.2.jar:0.20.2]
	at com.chromia.cli.command.node.AbstractNodeCommand.extractConfigs(AbstractNodeCommand.kt:58) ~[chromia-cli-0.20.2.jar:0.20.2]
	at com.chromia.cli.command.node.StartCommand.startPostchainNode$lambda$6(StartCommand.kt:48) ~[chromia-cli-0.20.2.jar:0.20.2]
	at net.postchain.rell.base.utils.ThreadLocalContext.set(utils.kt:231) ~[rell-base-0.13.13.jar:0.13.13]
	at net.postchain.rell.module.RellPostchainModuleEnvironment$Companion.set(postchain.kt:396) ~[rell-gtx-0.13.13.jar:0.13.13]
	at com.chromia.cli.command.node.StartCommand.startPostchainNode(StartCommand.kt:44) ~[chromia-cli-0.20.2.jar:0.20.2]
	at com.chromia.cli.command.node.StartCommand.run(StartCommand.kt:36) ~[chromia-cli-0.20.2.jar:0.20.2]
	at com.github.ajalt.clikt.parsers.Parser.parse(Parser.kt:306) ~[clikt-jvm-4.2.0.jar:?]
	at com.github.ajalt.clikt.parsers.Parser.parse(Parser.kt:319) ~[clikt-jvm-4.2.0.jar:?]
	at com.github.ajalt.clikt.parsers.Parser.parse(Parser.kt:319) ~[clikt-jvm-4.2.0.jar:?]
	at com.github.ajalt.clikt.parsers.Parser.parse(Parser.kt:40) ~[clikt-jvm-4.2.0.jar:?]
	at com.github.ajalt.clikt.core.CliktCommand.parse(CliktCommand.kt:458) ~[clikt-jvm-4.2.0.jar:?]
	at com.github.ajalt.clikt.core.CliktCommand.parse$default(CliktCommand.kt:455) ~[clikt-jvm-4.2.0.jar:?]
	at com.github.ajalt.clikt.core.CliktCommand.main(CliktCommand.kt:475) ~[clikt-jvm-4.2.0.jar:?]
	at com.chromia.cli.tools.launcher.CliLauncher.catchingAllExceptionsMain(CliLauncher.kt:69) [chromia-cli-tools-0.20.2.jar:0.20.2]
	at com.chromia.MainKt.main(main.kt:44) [chromia-cli-0.20.2.jar:0.20.2]
ERROR 2024-07-07 17:45:58.634 - [main] CliLauncher Failed validation of library originals
com.chromia.build.tools.compile.ValidationException: Failed validation of library originals
	at com.chromia.build.tools.lib.LibraryVerifyer.verifyLibs(LibraryVerifyer.kt:16) ~[chromia-build-tools-0.20.2.jar:0.20.2]
	at com.chromia.api.impl.CompileKt.compileGtv(compile.kt:22) ~[chromia-build-tools-0.20.2.jar:0.20.2]
	at com.chromia.api.ChromiaCompileApi.build(api.kt:21) ~[chromia-build-tools-0.20.2.jar:0.20.2]
	at com.chromia.cli.command.node.AbstractNodeCommand.extractConfigs(AbstractNodeCommand.kt:58) ~[chromia-cli-0.20.2.jar:0.20.2]
	at com.chromia.cli.command.node.StartCommand.startPostchainNode$lambda$6(StartCommand.kt:48) ~[chromia-cli-0.20.2.jar:0.20.2]
	at net.postchain.rell.base.utils.ThreadLocalContext.set(utils.kt:231) ~[rell-base-0.13.13.jar:0.13.13]
	at net.postchain.rell.module.RellPostchainModuleEnvironment$Companion.set(postchain.kt:396) ~[rell-gtx-0.13.13.jar:0.13.13]
	at com.chromia.cli.command.node.StartCommand.startPostchainNode(StartCommand.kt:44) ~[chromia-cli-0.20.2.jar:0.20.2]
	at com.chromia.cli.command.node.StartCommand.run(StartCommand.kt:36) ~[chromia-cli-0.20.2.jar:0.20.2]
	at com.github.ajalt.clikt.parsers.Parser.parse(Parser.kt:306) ~[clikt-jvm-4.2.0.jar:?]
	at com.github.ajalt.clikt.parsers.Parser.parse(Parser.kt:319) ~[clikt-jvm-4.2.0.jar:?]
	at com.github.ajalt.clikt.parsers.Parser.parse(Parser.kt:319) ~[clikt-jvm-4.2.0.jar:?]
	at com.github.ajalt.clikt.parsers.Parser.parse(Parser.kt:40) ~[clikt-jvm-4.2.0.jar:?]
	at com.github.ajalt.clikt.core.CliktCommand.parse(CliktCommand.kt:458) ~[clikt-jvm-4.2.0.jar:?]
	at com.github.ajalt.clikt.core.CliktCommand.parse$default(CliktCommand.kt:455) ~[clikt-jvm-4.2.0.jar:?]
	at com.github.ajalt.clikt.core.CliktCommand.main(CliktCommand.kt:475) ~[clikt-jvm-4.2.0.jar:?]
	at com.chromia.cli.tools.launcher.CliLauncher.catchingAllExceptionsMain(CliLauncher.kt:69) [chromia-cli-tools-0.20.2.jar:0.20.2]
	at com.chromia.MainKt.main(main.kt:44) [chromia-cli-0.20.2.jar:0.20.2]
ERROR 2024-07-19 12:46:09.166 - [main] CliLauncher Failed validation of library yours
com.chromia.build.tools.compile.ValidationException: Failed validation of library yours
	at com.chromia.build.tools.lib.LibraryVerifyer.verifyLibs(LibraryVerifyer.kt:16) ~[chromia-build-tools-0.20.2.jar:0.20.2]
	at com.chromia.api.impl.CompileKt.compileGtv(compile.kt:22) ~[chromia-build-tools-0.20.2.jar:0.20.2]
	at com.chromia.api.ChromiaCompileApi.build(api.kt:21) ~[chromia-build-tools-0.20.2.jar:0.20.2]
	at com.chromia.cli.command.node.AbstractNodeCommand.extractConfigs(AbstractNodeCommand.kt:58) ~[chromia-cli-0.20.2.jar:0.20.2]
	at com.chromia.cli.command.node.StartCommand.startPostchainNode$lambda$6(StartCommand.kt:48) ~[chromia-cli-0.20.2.jar:0.20.2]
	at net.postchain.rell.base.utils.ThreadLocalContext.set(utils.kt:231) ~[rell-base-0.13.13.jar:0.13.13]
	at net.postchain.rell.module.RellPostchainModuleEnvironment$Companion.set(postchain.kt:396) ~[rell-gtx-0.13.13.jar:0.13.13]
	at com.chromia.cli.command.node.StartCommand.startPostchainNode(StartCommand.kt:44) ~[chromia-cli-0.20.2.jar:0.20.2]
	at com.chromia.cli.command.node.StartCommand.run(StartCommand.kt:36) ~[chromia-cli-0.20.2.jar:0.20.2]
	at com.github.ajalt.clikt.parsers.Parser.parse(Parser.kt:306) ~[clikt-jvm-4.2.0.jar:?]
	at com.github.ajalt.clikt.parsers.Parser.parse(Parser.kt:319) ~[clikt-jvm-4.2.0.jar:?]
	at com.github.ajalt.clikt.parsers.Parser.parse(Parser.kt:319) ~[clikt-jvm-4.2.0.jar:?]
	at com.github.ajalt.clikt.parsers.Parser.parse(Parser.kt:40) ~[clikt-jvm-4.2.0.jar:?]
	at com.github.ajalt.clikt.core.CliktCommand.parse(CliktCommand.kt:458) ~[clikt-jvm-4.2.0.jar:?]
	at com.github.ajalt.clikt.core.CliktCommand.parse$default(CliktCommand.kt:455) ~[clikt-jvm-4.2.0.jar:?]
	at com.github.ajalt.clikt.core.CliktCommand.main(CliktCommand.kt:475) ~[clikt-jvm-4.2.0.jar:?]
	at com.chromia.cli.tools.launcher.CliLauncher.catchingAllExceptionsMain(CliLauncher.kt:69) [chromia-cli-tools-0.20.2.jar:0.20.2]
	at com.chromia.MainKt.main(main.kt:44) [chromia-cli-0.20.2.jar:0.20.2]
ERROR 2024-07-20 08:03:49.894 - [main] CliLauncher Failed validation of library yours
com.chromia.build.tools.compile.ValidationException: Failed validation of library yours
	at com.chromia.build.tools.lib.LibraryVerifyer.verifyLibs(LibraryVerifyer.kt:16) ~[chromia-build-tools-0.20.2.jar:0.20.2]
	at com.chromia.api.impl.CompileKt.compileGtv(compile.kt:22) ~[chromia-build-tools-0.20.2.jar:0.20.2]
	at com.chromia.api.ChromiaCompileApi.build(api.kt:21) ~[chromia-build-tools-0.20.2.jar:0.20.2]
	at com.chromia.cli.command.node.AbstractNodeCommand.extractConfigs(AbstractNodeCommand.kt:58) ~[chromia-cli-0.20.2.jar:0.20.2]
	at com.chromia.cli.command.node.StartCommand.startPostchainNode$lambda$6(StartCommand.kt:48) ~[chromia-cli-0.20.2.jar:0.20.2]
	at net.postchain.rell.base.utils.ThreadLocalContext.set(utils.kt:231) ~[rell-base-0.13.13.jar:0.13.13]
	at net.postchain.rell.module.RellPostchainModuleEnvironment$Companion.set(postchain.kt:396) ~[rell-gtx-0.13.13.jar:0.13.13]
	at com.chromia.cli.command.node.StartCommand.startPostchainNode(StartCommand.kt:44) ~[chromia-cli-0.20.2.jar:0.20.2]
	at com.chromia.cli.command.node.StartCommand.run(StartCommand.kt:36) ~[chromia-cli-0.20.2.jar:0.20.2]
	at com.github.ajalt.clikt.parsers.Parser.parse(Parser.kt:306) ~[clikt-jvm-4.2.0.jar:?]
	at com.github.ajalt.clikt.parsers.Parser.parse(Parser.kt:319) ~[clikt-jvm-4.2.0.jar:?]
	at com.github.ajalt.clikt.parsers.Parser.parse(Parser.kt:319) ~[clikt-jvm-4.2.0.jar:?]
	at com.github.ajalt.clikt.parsers.Parser.parse(Parser.kt:40) ~[clikt-jvm-4.2.0.jar:?]
	at com.github.ajalt.clikt.core.CliktCommand.parse(CliktCommand.kt:458) ~[clikt-jvm-4.2.0.jar:?]
	at com.github.ajalt.clikt.core.CliktCommand.parse$default(CliktCommand.kt:455) ~[clikt-jvm-4.2.0.jar:?]
	at com.github.ajalt.clikt.core.CliktCommand.main(CliktCommand.kt:475) ~[clikt-jvm-4.2.0.jar:?]
	at com.chromia.cli.tools.launcher.CliLauncher.catchingAllExceptionsMain(CliLauncher.kt:69) [chromia-cli-tools-0.20.2.jar:0.20.2]
	at com.chromia.MainKt.main(main.kt:44) [chromia-cli-0.20.2.jar:0.20.2]
ERROR 2024-07-20 08:22:21.475 - [main] CliLauncher Failed validation of library yours
com.chromia.build.tools.compile.ValidationException: Failed validation of library yours
	at com.chromia.build.tools.lib.LibraryVerifyer.verifyLibs(LibraryVerifyer.kt:16) ~[chromia-build-tools-0.20.2.jar:0.20.2]
	at com.chromia.api.impl.CompileKt.compileGtv(compile.kt:22) ~[chromia-build-tools-0.20.2.jar:0.20.2]
	at com.chromia.api.ChromiaCompileApi.build(api.kt:21) ~[chromia-build-tools-0.20.2.jar:0.20.2]
	at com.chromia.cli.command.node.AbstractNodeCommand.extractConfigs(AbstractNodeCommand.kt:58) ~[chromia-cli-0.20.2.jar:0.20.2]
	at com.chromia.cli.command.node.StartCommand.startPostchainNode$lambda$6(StartCommand.kt:48) ~[chromia-cli-0.20.2.jar:0.20.2]
	at net.postchain.rell.base.utils.ThreadLocalContext.set(utils.kt:231) ~[rell-base-0.13.13.jar:0.13.13]
	at net.postchain.rell.module.RellPostchainModuleEnvironment$Companion.set(postchain.kt:396) ~[rell-gtx-0.13.13.jar:0.13.13]
	at com.chromia.cli.command.node.StartCommand.startPostchainNode(StartCommand.kt:44) ~[chromia-cli-0.20.2.jar:0.20.2]
	at com.chromia.cli.command.node.StartCommand.run(StartCommand.kt:36) ~[chromia-cli-0.20.2.jar:0.20.2]
	at com.github.ajalt.clikt.parsers.Parser.parse(Parser.kt:306) ~[clikt-jvm-4.2.0.jar:?]
	at com.github.ajalt.clikt.parsers.Parser.parse(Parser.kt:319) ~[clikt-jvm-4.2.0.jar:?]
	at com.github.ajalt.clikt.parsers.Parser.parse(Parser.kt:319) ~[clikt-jvm-4.2.0.jar:?]
	at com.github.ajalt.clikt.parsers.Parser.parse(Parser.kt:40) ~[clikt-jvm-4.2.0.jar:?]
	at com.github.ajalt.clikt.core.CliktCommand.parse(CliktCommand.kt:458) ~[clikt-jvm-4.2.0.jar:?]
	at com.github.ajalt.clikt.core.CliktCommand.parse$default(CliktCommand.kt:455) ~[clikt-jvm-4.2.0.jar:?]
	at com.github.ajalt.clikt.core.CliktCommand.main(CliktCommand.kt:475) ~[clikt-jvm-4.2.0.jar:?]
	at com.chromia.cli.tools.launcher.CliLauncher.catchingAllExceptionsMain(CliLauncher.kt:69) [chromia-cli-tools-0.20.2.jar:0.20.2]
	at com.chromia.MainKt.main(main.kt:44) [chromia-cli-0.20.2.jar:0.20.2]
ERROR 2024-07-20 08:39:52.693 - [main] CliLauncher Failed validation of library yours
com.chromia.build.tools.compile.ValidationException: Failed validation of library yours
	at com.chromia.build.tools.lib.LibraryVerifyer.verifyLibs(LibraryVerifyer.kt:16) ~[chromia-build-tools-0.20.2.jar:0.20.2]
	at com.chromia.api.impl.CompileKt.compileGtv(compile.kt:22) ~[chromia-build-tools-0.20.2.jar:0.20.2]
	at com.chromia.api.ChromiaCompileApi.build(api.kt:21) ~[chromia-build-tools-0.20.2.jar:0.20.2]
	at com.chromia.cli.command.node.AbstractNodeCommand.extractConfigs(AbstractNodeCommand.kt:58) ~[chromia-cli-0.20.2.jar:0.20.2]
	at com.chromia.cli.command.node.StartCommand.startPostchainNode$lambda$6(StartCommand.kt:48) ~[chromia-cli-0.20.2.jar:0.20.2]
	at net.postchain.rell.base.utils.ThreadLocalContext.set(utils.kt:231) ~[rell-base-0.13.13.jar:0.13.13]
	at net.postchain.rell.module.RellPostchainModuleEnvironment$Companion.set(postchain.kt:396) ~[rell-gtx-0.13.13.jar:0.13.13]
	at com.chromia.cli.command.node.StartCommand.startPostchainNode(StartCommand.kt:44) ~[chromia-cli-0.20.2.jar:0.20.2]
	at com.chromia.cli.command.node.StartCommand.run(StartCommand.kt:36) ~[chromia-cli-0.20.2.jar:0.20.2]
	at com.github.ajalt.clikt.parsers.Parser.parse(Parser.kt:306) ~[clikt-jvm-4.2.0.jar:?]
	at com.github.ajalt.clikt.parsers.Parser.parse(Parser.kt:319) ~[clikt-jvm-4.2.0.jar:?]
	at com.github.ajalt.clikt.parsers.Parser.parse(Parser.kt:319) ~[clikt-jvm-4.2.0.jar:?]
	at com.github.ajalt.clikt.parsers.Parser.parse(Parser.kt:40) ~[clikt-jvm-4.2.0.jar:?]
	at com.github.ajalt.clikt.core.CliktCommand.parse(CliktCommand.kt:458) ~[clikt-jvm-4.2.0.jar:?]
	at com.github.ajalt.clikt.core.CliktCommand.parse$default(CliktCommand.kt:455) ~[clikt-jvm-4.2.0.jar:?]
	at com.github.ajalt.clikt.core.CliktCommand.main(CliktCommand.kt:475) ~[clikt-jvm-4.2.0.jar:?]
	at com.chromia.cli.tools.launcher.CliLauncher.catchingAllExceptionsMain(CliLauncher.kt:69) [chromia-cli-tools-0.20.2.jar:0.20.2]
	at com.chromia.MainKt.main(main.kt:44) [chromia-cli-0.20.2.jar:0.20.2]
ERROR 2024-07-20 08:44:14.205 - [main] CliLauncher Failed validation of library yours
com.chromia.build.tools.compile.ValidationException: Failed validation of library yours
	at com.chromia.build.tools.lib.LibraryVerifyer.verifyLibs(LibraryVerifyer.kt:16) ~[chromia-build-tools-0.20.2.jar:0.20.2]
	at com.chromia.api.impl.CompileKt.compileGtv(compile.kt:22) ~[chromia-build-tools-0.20.2.jar:0.20.2]
	at com.chromia.api.ChromiaCompileApi.build(api.kt:21) ~[chromia-build-tools-0.20.2.jar:0.20.2]
	at com.chromia.cli.command.node.AbstractNodeCommand.extractConfigs(AbstractNodeCommand.kt:58) ~[chromia-cli-0.20.2.jar:0.20.2]
	at com.chromia.cli.command.node.StartCommand.startPostchainNode$lambda$6(StartCommand.kt:48) ~[chromia-cli-0.20.2.jar:0.20.2]
	at net.postchain.rell.base.utils.ThreadLocalContext.set(utils.kt:231) ~[rell-base-0.13.13.jar:0.13.13]
	at net.postchain.rell.module.RellPostchainModuleEnvironment$Companion.set(postchain.kt:396) ~[rell-gtx-0.13.13.jar:0.13.13]
	at com.chromia.cli.command.node.StartCommand.startPostchainNode(StartCommand.kt:44) ~[chromia-cli-0.20.2.jar:0.20.2]
	at com.chromia.cli.command.node.StartCommand.run(StartCommand.kt:36) ~[chromia-cli-0.20.2.jar:0.20.2]
	at com.github.ajalt.clikt.parsers.Parser.parse(Parser.kt:306) ~[clikt-jvm-4.2.0.jar:?]
	at com.github.ajalt.clikt.parsers.Parser.parse(Parser.kt:319) ~[clikt-jvm-4.2.0.jar:?]
	at com.github.ajalt.clikt.parsers.Parser.parse(Parser.kt:319) ~[clikt-jvm-4.2.0.jar:?]
	at com.github.ajalt.clikt.parsers.Parser.parse(Parser.kt:40) ~[clikt-jvm-4.2.0.jar:?]
	at com.github.ajalt.clikt.core.CliktCommand.parse(CliktCommand.kt:458) ~[clikt-jvm-4.2.0.jar:?]
	at com.github.ajalt.clikt.core.CliktCommand.parse$default(CliktCommand.kt:455) ~[clikt-jvm-4.2.0.jar:?]
	at com.github.ajalt.clikt.core.CliktCommand.main(CliktCommand.kt:475) ~[clikt-jvm-4.2.0.jar:?]
	at com.chromia.cli.tools.launcher.CliLauncher.catchingAllExceptionsMain(CliLauncher.kt:69) [chromia-cli-tools-0.20.2.jar:0.20.2]
	at com.chromia.MainKt.main(main.kt:44) [chromia-cli-0.20.2.jar:0.20.2]
ERROR 2024-07-20 09:14:10.979 - [main] CliLauncher Failed validation of library yours
com.chromia.build.tools.compile.ValidationException: Failed validation of library yours
	at com.chromia.build.tools.lib.LibraryVerifyer.verifyLibs(LibraryVerifyer.kt:16) ~[chromia-build-tools-0.20.2.jar:0.20.2]
	at com.chromia.api.impl.CompileKt.compileGtv(compile.kt:22) ~[chromia-build-tools-0.20.2.jar:0.20.2]
	at com.chromia.api.ChromiaCompileApi.build(api.kt:21) ~[chromia-build-tools-0.20.2.jar:0.20.2]
	at com.chromia.cli.command.node.AbstractNodeCommand.extractConfigs(AbstractNodeCommand.kt:58) ~[chromia-cli-0.20.2.jar:0.20.2]
	at com.chromia.cli.command.node.StartCommand.startPostchainNode$lambda$6(StartCommand.kt:48) ~[chromia-cli-0.20.2.jar:0.20.2]
	at net.postchain.rell.base.utils.ThreadLocalContext.set(utils.kt:231) ~[rell-base-0.13.13.jar:0.13.13]
	at net.postchain.rell.module.RellPostchainModuleEnvironment$Companion.set(postchain.kt:396) ~[rell-gtx-0.13.13.jar:0.13.13]
	at com.chromia.cli.command.node.StartCommand.startPostchainNode(StartCommand.kt:44) ~[chromia-cli-0.20.2.jar:0.20.2]
	at com.chromia.cli.command.node.StartCommand.run(StartCommand.kt:36) ~[chromia-cli-0.20.2.jar:0.20.2]
	at com.github.ajalt.clikt.parsers.Parser.parse(Parser.kt:306) ~[clikt-jvm-4.2.0.jar:?]
	at com.github.ajalt.clikt.parsers.Parser.parse(Parser.kt:319) ~[clikt-jvm-4.2.0.jar:?]
	at com.github.ajalt.clikt.parsers.Parser.parse(Parser.kt:319) ~[clikt-jvm-4.2.0.jar:?]
	at com.github.ajalt.clikt.parsers.Parser.parse(Parser.kt:40) ~[clikt-jvm-4.2.0.jar:?]
	at com.github.ajalt.clikt.core.CliktCommand.parse(CliktCommand.kt:458) ~[clikt-jvm-4.2.0.jar:?]
	at com.github.ajalt.clikt.core.CliktCommand.parse$default(CliktCommand.kt:455) ~[clikt-jvm-4.2.0.jar:?]
	at com.github.ajalt.clikt.core.CliktCommand.main(CliktCommand.kt:475) ~[clikt-jvm-4.2.0.jar:?]
	at com.chromia.cli.tools.launcher.CliLauncher.catchingAllExceptionsMain(CliLauncher.kt:69) [chromia-cli-tools-0.20.2.jar:0.20.2]
	at com.chromia.MainKt.main(main.kt:44) [chromia-cli-0.20.2.jar:0.20.2]
ERROR 2024-07-20 09:16:21.494 - [main] CliLauncher Failed validation of library yours
com.chromia.build.tools.compile.ValidationException: Failed validation of library yours
	at com.chromia.build.tools.lib.LibraryVerifyer.verifyLibs(LibraryVerifyer.kt:16) ~[chromia-build-tools-0.20.2.jar:0.20.2]
	at com.chromia.api.impl.CompileKt.compileGtv(compile.kt:22) ~[chromia-build-tools-0.20.2.jar:0.20.2]
	at com.chromia.api.ChromiaCompileApi.build(api.kt:21) ~[chromia-build-tools-0.20.2.jar:0.20.2]
	at com.chromia.cli.command.node.AbstractNodeCommand.extractConfigs(AbstractNodeCommand.kt:58) ~[chromia-cli-0.20.2.jar:0.20.2]
	at com.chromia.cli.command.node.StartCommand.startPostchainNode$lambda$6(StartCommand.kt:48) ~[chromia-cli-0.20.2.jar:0.20.2]
	at net.postchain.rell.base.utils.ThreadLocalContext.set(utils.kt:231) ~[rell-base-0.13.13.jar:0.13.13]
	at net.postchain.rell.module.RellPostchainModuleEnvironment$Companion.set(postchain.kt:396) ~[rell-gtx-0.13.13.jar:0.13.13]
	at com.chromia.cli.command.node.StartCommand.startPostchainNode(StartCommand.kt:44) ~[chromia-cli-0.20.2.jar:0.20.2]
	at com.chromia.cli.command.node.StartCommand.run(StartCommand.kt:36) ~[chromia-cli-0.20.2.jar:0.20.2]
	at com.github.ajalt.clikt.parsers.Parser.parse(Parser.kt:306) ~[clikt-jvm-4.2.0.jar:?]
	at com.github.ajalt.clikt.parsers.Parser.parse(Parser.kt:319) ~[clikt-jvm-4.2.0.jar:?]
	at com.github.ajalt.clikt.parsers.Parser.parse(Parser.kt:319) ~[clikt-jvm-4.2.0.jar:?]
	at com.github.ajalt.clikt.parsers.Parser.parse(Parser.kt:40) ~[clikt-jvm-4.2.0.jar:?]
	at com.github.ajalt.clikt.core.CliktCommand.parse(CliktCommand.kt:458) ~[clikt-jvm-4.2.0.jar:?]
	at com.github.ajalt.clikt.core.CliktCommand.parse$default(CliktCommand.kt:455) ~[clikt-jvm-4.2.0.jar:?]
	at com.github.ajalt.clikt.core.CliktCommand.main(CliktCommand.kt:475) ~[clikt-jvm-4.2.0.jar:?]
	at com.chromia.cli.tools.launcher.CliLauncher.catchingAllExceptionsMain(CliLauncher.kt:69) [chromia-cli-tools-0.20.2.jar:0.20.2]
	at com.chromia.MainKt.main(main.kt:44) [chromia-cli-0.20.2.jar:0.20.2]
